\BOOKMARK [0][-]{Doc-Start}{目录}{}% 1
\BOOKMARK [0][-]{chapter*.2}{序言}{}% 2
\BOOKMARK [0][-]{chapter*.3}{编者记}{}% 3
\BOOKMARK [0][-]{chapter*.4}{录取结果}{}% 4
\BOOKMARK [0][-]{chapter.1}{申请的硬性条件}{}% 5
\BOOKMARK [1][-]{section.1.1}{核心的核心–GPA}{chapter.1}% 6
\BOOKMARK [1][-]{section.1.2}{必要的英文成绩–TOEFL/GRE/IELTS}{chapter.1}% 7
\BOOKMARK [1][-]{section.1.3}{写出你自己–PS/CV}{chapter.1}% 8
\BOOKMARK [1][-]{section.1.4}{别人眼中的你–RL}{chapter.1}% 9
\BOOKMARK [0][-]{chapter.2}{三年你可以做什么}{}% 10
\BOOKMARK [1][-]{section.2.1}{科研}{chapter.2}% 11
\BOOKMARK [1][-]{section.2.2}{学科竞赛}{chapter.2}% 12
\BOOKMARK [1][-]{section.2.3}{交换学习}{chapter.2}% 13
\BOOKMARK [1][-]{section.2.4}{实习}{chapter.2}% 14
\BOOKMARK [0][-]{chapter.3}{开始你的申请}{}% 15
\BOOKMARK [1][-]{section.3.1}{选校}{chapter.3}% 16
\BOOKMARK [1][-]{section.3.2}{中介}{chapter.3}% 17
\BOOKMARK [1][-]{section.3.3}{网申管理}{chapter.3}% 18
\BOOKMARK [1][-]{section.3.4}{学会沟通}{chapter.3}% 19
\BOOKMARK [1][-]{section.3.5}{关于套磁}{chapter.3}% 20
\BOOKMARK [0][-]{chapter.4}{后Offer时代}{}% 21
\BOOKMARK [1][-]{section.4.1}{签证准备}{chapter.4}% 22
\BOOKMARK [1][-]{section.4.2}{机票预订}{chapter.4}% 23
\BOOKMARK [1][-]{section.4.3}{体检与疫苗}{chapter.4}% 24
\BOOKMARK [1][-]{section.4.4}{住宿}{chapter.4}% 25
\BOOKMARK [1][-]{section.4.5}{档案与户口}{chapter.4}% 26
\BOOKMARK [0][-]{chapter.5}{Hello,\040World!}{}% 27
\BOOKMARK [1][-]{section.5.1}{富士山下}{chapter.5}% 28
\BOOKMARK [1][-]{section.5.2}{维多利亚湾}{chapter.5}% 29
\BOOKMARK [0][-]{chapter.6}{随想集}{}% 30
\BOOKMARK [1][-]{section.6.1}{李皓寰}{chapter.6}% 31
\BOOKMARK [1][-]{section.6.2}{罗钊燚}{chapter.6}% 32
\BOOKMARK [1][-]{section.6.3}{徐达博}{chapter.6}% 33
\BOOKMARK [1][-]{section.6.4}{姚佳玮}{chapter.6}% 34
\BOOKMARK [1][-]{section.6.5}{叶韵致}{chapter.6}% 35
\BOOKMARK [1][-]{section.6.6}{郑玉典}{chapter.6}% 36
\BOOKMARK [1][-]{section.6.7}{祝犇}{chapter.6}% 37
